<?xml version="1.0" encoding="UTF-8"?>
<!-- Generated by org.testng.reporters.JUnitReportReporter -->
<testsuite name="com.b2c.Test.TestController2" tests="1" time="104.199" ignored="0" failures="0" timestamp="17 Oct 2018 13:09:19 GMT" skipped="0" hostname="B2C-IT-LAP090" errors="0">
  <testcase name="TestCaseController" time="104.199" classname="com.b2c.Test.TestController2"/>
</testsuite> <!-- com.b2c.Test.TestController2 -->
