<?xml version="1.0" encoding="UTF-8"?>
<!-- Generated by org.testng.reporters.JUnitReportReporter -->
<testsuite name="com.b2c.Test.TestController" tests="1" time="623.477" ignored="0" failures="0" timestamp="20 Nov 2018 07:13:56 GMT" skipped="0" hostname="B2C-IT-LAP090" errors="0">
  <testcase name="TestCaseController" time="623.477" classname="com.b2c.Test.TestController"/>
</testsuite> <!-- com.b2c.Test.TestController -->
